<?xml version="1.0" encoding="UTF-8"?>
<coverage generated="1630875700929" clover="3.2.0">
  <project timestamp="1630875700929" name="All files">
    <metrics statements="11" coveredstatements="11" conditionals="0" coveredconditionals="0" methods="6" coveredmethods="6" elements="17" coveredelements="17" complexity="0" loc="11" ncloc="11" packages="1" files="4" classes="4"/>
    <file name="add.js" path="/workspace/JEST-javascript-testing/add.js">
      <metrics statements="2" coveredstatements="2" conditionals="0" coveredconditionals="0" methods="1" coveredmethods="1"/>
      <line num="2" count="1" type="stmt"/>
      <line num="5" count="1" type="stmt"/>
    </file>
    <file name="cloneArray.js" path="/workspace/JEST-javascript-testing/cloneArray.js">
      <metrics statements="2" coveredstatements="2" conditionals="0" coveredconditionals="0" methods="1" coveredmethods="1"/>
      <line num="2" count="2" type="stmt"/>
      <line num="7" count="1" type="stmt"/>
    </file>
    <file name="functions.js" path="/workspace/JEST-javascript-testing/functions.js">
      <metrics statements="5" coveredstatements="5" conditionals="0" coveredconditionals="0" methods="3" coveredmethods="3"/>
      <line num="1" count="1" type="stmt"/>
      <line num="2" count="2" type="stmt"/>
      <line num="3" count="1" type="stmt"/>
      <line num="4" count="1" type="stmt"/>
      <line num="7" count="1" type="stmt"/>
    </file>
    <file name="subtract.js" path="/workspace/JEST-javascript-testing/subtract.js">
      <metrics statements="2" coveredstatements="2" conditionals="0" coveredconditionals="0" methods="1" coveredmethods="1"/>
      <line num="2" count="1" type="stmt"/>
      <line num="5" count="1" type="stmt"/>
    </file>
  </project>
</coverage>
