{"/workspace/JEST-javascript-testing/add.js": {"path":"/workspace/JEST-javascript-testing/add.js","statementMap":{"0":{"start":{"line":2,"column":4},"end":{"line":2,"column":23}},"1":{"start":{"line":5,"column":0},"end":{"line":5,"column":20}}},"fnMap":{"0":{"name":"add","decl":{"start":{"line":1,"column":9},"end":{"line":1,"column":12}},"loc":{"start":{"line":1,"column":25},"end":{"line":3,"column":1}},"line":1}},"branchMap":{},"s":{"0":1,"1":1},"f":{"0":1},"b":{},"_coverageSchema":"1a1c01bbd47fc00a2c39e90264f33305004495a9","hash":"d9cef7ec19dd5ab0c58f17f05a4e92482130555b"}
,"/workspace/JEST-javascript-testing/cloneArray.js": {"path":"/workspace/JEST-javascript-testing/cloneArray.js","statementMap":{"0":{"start":{"line":2,"column":4},"end":{"line":2,"column":22}},"1":{"start":{"line":7,"column":0},"end":{"line":7,"column":27}}},"fnMap":{"0":{"name":"cloneArray","decl":{"start":{"line":1,"column":9},"end":{"line":1,"column":19}},"loc":{"start":{"line":1,"column":27},"end":{"line":3,"column":1}},"line":1}},"branchMap":{},"s":{"0":2,"1":1},"f":{"0":2},"b":{},"_coverageSchema":"1a1c01bbd47fc00a2c39e90264f33305004495a9","hash":"f5f5a55a4bd6f158788aea65a5e1cdc5a743d951"}
,"/workspace/JEST-javascript-testing/functions.js": {"path":"/workspace/JEST-javascript-testing/functions.js","statementMap":{"0":{"start":{"line":1,"column":14},"end":{"line":1,"column":30}},"1":{"start":{"line":3,"column":18},"end":{"line":15,"column":1}},"2":{"start":{"line":4,"column":25},"end":{"line":4,"column":36}},"3":{"start":{"line":5,"column":18},"end":{"line":5,"column":22}},"4":{"start":{"line":6,"column":21},"end":{"line":6,"column":22}},"5":{"start":{"line":8,"column":21},"end":{"line":8,"column":42}},"6":{"start":{"line":9,"column":8},"end":{"line":9,"column":38}},"7":{"start":{"line":10,"column":8},"end":{"line":10,"column":19}},"8":{"start":{"line":12,"column":21},"end":{"line":14,"column":26}},"9":{"start":{"line":13,"column":17},"end":{"line":13,"column":25}},"10":{"start":{"line":14,"column":18},"end":{"line":14,"column":25}},"11":{"start":{"line":17,"column":0},"end":{"line":17,"column":26}}},"fnMap":{"0":{"name":"(anonymous_0)","decl":{"start":{"line":4,"column":9},"end":{"line":4,"column":10}},"loc":{"start":{"line":4,"column":25},"end":{"line":4,"column":36}},"line":4},"1":{"name":"(anonymous_1)","decl":{"start":{"line":5,"column":12},"end":{"line":5,"column":13}},"loc":{"start":{"line":5,"column":18},"end":{"line":5,"column":22}},"line":5},"2":{"name":"(anonymous_2)","decl":{"start":{"line":6,"column":16},"end":{"line":6,"column":17}},"loc":{"start":{"line":6,"column":21},"end":{"line":6,"column":22}},"line":6},"3":{"name":"(anonymous_3)","decl":{"start":{"line":7,"column":16},"end":{"line":7,"column":17}},"loc":{"start":{"line":7,"column":22},"end":{"line":11,"column":5}},"line":7},"4":{"name":"(anonymous_4)","decl":{"start":{"line":12,"column":15},"end":{"line":12,"column":16}},"loc":{"start":{"line":12,"column":21},"end":{"line":14,"column":26}},"line":12},"5":{"name":"(anonymous_5)","decl":{"start":{"line":13,"column":10},"end":{"line":13,"column":11}},"loc":{"start":{"line":13,"column":17},"end":{"line":13,"column":25}},"line":13},"6":{"name":"(anonymous_6)","decl":{"start":{"line":14,"column":11},"end":{"line":14,"column":12}},"loc":{"start":{"line":14,"column":18},"end":{"line":14,"column":25}},"line":14}},"branchMap":{},"s":{"0":1,"1":1,"2":2,"3":1,"4":1,"5":1,"6":1,"7":1,"8":1,"9":1,"10":0,"11":1},"f":{"0":2,"1":1,"2":1,"3":1,"4":1,"5":1,"6":0},"b":{},"_coverageSchema":"1a1c01bbd47fc00a2c39e90264f33305004495a9","hash":"388e70475b52d76634483652a9155857df8212d7"}
,"/workspace/JEST-javascript-testing/subtract.js": {"path":"/workspace/JEST-javascript-testing/subtract.js","statementMap":{"0":{"start":{"line":2,"column":4},"end":{"line":2,"column":23}},"1":{"start":{"line":5,"column":0},"end":{"line":5,"column":25}}},"fnMap":{"0":{"name":"subtract","decl":{"start":{"line":1,"column":9},"end":{"line":1,"column":17}},"loc":{"start":{"line":1,"column":30},"end":{"line":3,"column":1}},"line":1}},"branchMap":{},"s":{"0":1,"1":1},"f":{"0":1},"b":{},"_coverageSchema":"1a1c01bbd47fc00a2c39e90264f33305004495a9","hash":"f6dd1575978e855c4839dd93e418ebd98dbdfc90"}
}
